Micro-architecture: Kaby Lake
Number of cores: 4
[+] Allocated memory
0000000000000000000000000000001101011110010111111100000000000000 1   0.00      0  17414      0      0
0000000000000000000000000000001101011110010111111100000001000000 0   0.00  16365      0      0      0
0000000000000000000000000000001101011110010111111100000010000000 3   0.00      0      0      0   4999
0000000000000000000000000000001101011110010111111100000011000000 2   0.00      0      0  17476      0
0000000000000000000000000000001101011110010111111100000100000000 1   0.00      0  24160      0      0
0000000000000000000000000000001101011110010111111100000101000000 0   0.00  28025      0      0      0
0000000000000000000000000000001101011110010111111100000110000000 3   0.00      0      0      0   3817
0000000000000000000000000000001101011110010111111100000111000000 2   0.00      0      0   5703      0
0000000000000000000000000000001101011110010111111100001000000000 1   0.00      0  44880      0      0
0000000000000000000000000000001101011110010111111100001001000000 0   0.00   1390      0      0      0
0000000000000000000000000000001101011110010111111100001010000000 3   0.00      0      0      0   1329
0000000000000000000000000000001101011110010111111100001011000000 2   0.00      0      0   3843      0
0000000000000000000000000000001101011110010111111100001100000000 1   0.00      0   1615      0      0
0000000000000000000000000000001101011110010111111100001101000000 0   0.00  23756      0      0      0
0000000000000000000000000000001101011110010111111100001110000000 3   0.00      0      0      0   3686
0000000000000000000000000000001101011110010111111100001111000000 2   0.00      0      0   1200      0
0000000000000000000000000000001101011110010111111100010000000000 0   0.00   1948      0      0      0
0000000000000000000000000000001101011110010111111100010001000000 1   0.00      0   1324      0      0
0000000000000000000000000000001101011110010111111100010010000000 2   0.00      0      0   1454      0
0000000000000000000000000000001101011110010111111100010011000000 3   0.00      0      0      0   1390
0000000000000000000000000000001101011110010111111100010100000000 0   0.00     11      0      0      0
0000000000000000000000000000001101011110010111111100010101000000 1   0.00      0   1193      0      0
0000000000000000000000000000001101011110010111111100010110000000 2   0.00      0      0     19      0
0000000000000000000000000000001101011110010111111100010111000000 3   0.00      0      0      0   3456
0000000000000000000000000000001101011110010111111100011000000000 0   0.00     11      0      0      0
0000000000000000000000000000001101011110010111111100011001000000 1   0.00      0     14      0      0
0000000000000000000000000000001101011110010111111100011010000000 2   0.00      0      0   1334      0
0000000000000000000000000000001101011110010111111100011011000000 3   0.00      0      0      0     31
0000000000000000000000000000001101011110010111111100011100000000 0   0.00     10      0      0      0
0000000000000000000000000000001101011110010111111100011101000000 1   0.00      0     14      0      0
0000000000000000000000000000001101011110010111111100011110000000 2   0.00      0      0   3463      0
0000000000000000000000000000001101011110010111111100011111000000 3   0.00      0      0      0     60
0000000000000000000000000000001101011110010111111100100000000000 3   0.00      0      0      0   1040
0000000000000000000000000000001101011110010111111100100001000000 2   0.00      0      0  15895      0
0000000000000000000000000000001101011110010111111100100010000000 1   0.00      0  15084      0      0
0000000000000000000000000000001101011110010111111100100011000000 0   0.00  14167      0      0      0
0000000000000000000000000000001101011110010111111100100100000000 3   0.00      0      0      0  14180
0000000000000000000000000000001101011110010111111100100101000000 2   0.00      0      0     18      0
0000000000000000000000000000001101011110010111111100100110000000 1   0.00      0     16      0      0
0000000000000000000000000000001101011110010111111100100111000000 0   0.00     13      0      0      0
0000000000000000000000000000001101011110010111111100101000000000 3   0.00      0      0      0   5801
0000000000000000000000000000001101011110010111111100101001000000 2   0.00      0      0   1201      0
0000000000000000000000000000001101011110010111111100101010000000 1   0.00      0     20      0      0
0000000000000000000000000000001101011110010111111100101011000000 0   0.00   1145      0      0      0
0000000000000000000000000000001101011110010111111100101100000000 3   0.00      0      0      0     26
0000000000000000000000000000001101011110010111111100101101000000 2   0.00      0      0     17      0
0000000000000000000000000000001101011110010111111100101110000000 1   0.00      0     12      0      0
0000000000000000000000000000001101011110010111111100101111000000 0   0.00     11      0      0      0
0000000000000000000000000000001101011110010111111100110000000000 2   0.00      0      0     20      0
0000000000000000000000000000001101011110010111111100110001000000 3   0.00      0      0      0     21
0000000000000000000000000000001101011110010111111100110010000000 0   0.00      8      0      0      0
0000000000000000000000000000001101011110010111111100110011000000 1   0.00      0   2019      0      0
0000000000000000000000000000001101011110010111111100110100000000 2   0.00      0      0    120      0
0000000000000000000000000000001101011110010111111100110101000000 3   0.00      0      0      0     23
0000000000000000000000000000001101011110010111111100110110000000 0   0.00     13      0      0      0
0000000000000000000000000000001101011110010111111100110111000000 1   0.00      0   3200      0      0
0000000000000000000000000000001101011110010111111100111000000000 2   0.00      0      0    785      0
0000000000000000000000000000001101011110010111111100111001000000 3   0.00      0      0      0  61481
0000000000000000000000000000001101011110010111111100111010000000 0   0.00  29543      0      0      0
0000000000000000000000000000001101011110010111111100111011000000 1   0.00      0  69347      0      0
0000000000000000000000000000001101011110010111111100111100000000 2   0.00      0      0  54704      0
0000000000000000000000000000001101011110010111111100111101000000 3   0.00      0      0      0  41473
0000000000000000000000000000001101011110010111111100111110000000 0   0.00  34313      0      0      0
0000000000000000000000000000001101011110010111111100111111000000 1   0.00      0  11560      0      0
0000000000000000000000000000000110100001110100111000000000000000 0   0.00   4974      0      0      0
0000000000000000000000000000000110100001110100111000000001000000 1   0.00      0   2291      0      0
0000000000000000000000000000000110100001110100111000000010000000 2   0.00      0      0   9718      0
0000000000000000000000000000000110100001110100111000000011000000 3   0.00      0      0      0   1106
0000000000000000000000000000000110100001110100111000000100000000 0   0.00   1520      0      0      0
0000000000000000000000000000000110100001110100111000000101000000 1   0.00      0   1102      0      0
0000000000000000000000000000000110100001110100111000000110000000 2   0.00      0      0    626      0
0000000000000000000000000000000110100001110100111000000111000000 3   0.00      0      0      0     19
0000000000000000000000000000000110100001110100111000001000000000 0   0.00   1415      0      0      0
0000000000000000000000000000000110100001110100111000001001000000 1   0.00      0     39      0      0
0000000000000000000000000000000110100001110100111000001010000000 2   0.00      0      0     17      0
0000000000000000000000000000000110100001110100111000001011000000 3   0.00      0      0      0   4129
0000000000000000000000000000000110100001110100111000001100000000 0   0.00     22      0      0      0
0000000000000000000000000000000110100001110100111000001101000000 1   0.00      0     18      0      0
0000000000000000000000000000000110100001110100111000001110000000 2   0.00      0      0    841      0
0000000000000000000000000000000110100001110100111000001111000000 3   0.00      0      0      0   6698
0000000000000000000000000000000110100001110100111000010000000000 1   0.00      0   3776      0      0
0000000000000000000000000000000110100001110100111000010001000000 0   0.00     27      0      0      0
0000000000000000000000000000000110100001110100111000010010000000 3   0.00      0      0      0     31
0000000000000000000000000000000110100001110100111000010011000000 2   0.00      0      0     18      0
0000000000000000000000000000000110100001110100111000010100000000 1   0.00      0     16      0      0
0000000000000000000000000000000110100001110100111000010101000000 0   0.00     13      0      0      0
0000000000000000000000000000000110100001110100111000010110000000 3   0.00      0      0      0   1666
0000000000000000000000000000000110100001110100111000010111000000 2   0.00      0      0     18      0
0000000000000000000000000000000110100001110100111000011000000000 1   0.00      0   1461      0      0
0000000000000000000000000000000110100001110100111000011001000000 0   0.00   4930      0      0      0
0000000000000000000000000000000110100001110100111000011010000000 3   0.00      0      0      0   9487
0000000000000000000000000000000110100001110100111000011011000000 2   0.00      0      0     19      0
0000000000000000000000000000000110100001110100111000011100000000 1   0.00      0     14      0      0
0000000000000000000000000000000110100001110100111000011101000000 0   0.00     11      0      0      0
0000000000000000000000000000000110100001110100111000011110000000 3   0.00      0      0      0     23
0000000000000000000000000000000110100001110100111000011111000000 2   0.00      0      0     17      0
0000000000000000000000000000000110100001110100111000100000000000 2   0.00      0      0     15      0
0000000000000000000000000000000110100001110100111000100001000000 3   0.00      0      0      0     18
0000000000000000000000000000000110100001110100111000100010000000 0   0.00     11      0      0      0
0000000000000000000000000000000110100001110100111000100011000000 1   0.00      0     12      0      0
